<?xml version="1.0" encoding="UTF-8"?>
<!-- Generated by org.testng.reporters.JUnitXMLReporter -->
<testsuite ignored="0" hostname="D-E-V-E-N" failures="0" tests="10" name="Default test" time="12.983" errors="0" timestamp="2025-08-29T00:49:12 IST">
  <testcase classname="com.selenium.capstone.apiTesting" name="AddNewUser" time="4.318"/>
  <testcase classname="com.selenium.capstone.apiTesting" name="GetUserProfile" time="0.949"/>
  <testcase classname="com.selenium.capstone.apiTesting" name="UpdateUser" time="0.958"/>
  <testcase classname="com.selenium.capstone.apiTesting" name="LoginUser" time="0.978"/>
  <testcase classname="com.selenium.capstone.apiTesting" name="AddContact" time="0.932"/>
  <testcase classname="com.selenium.capstone.apiTesting" name="GetContactList" time="0.923"/>
  <testcase classname="com.selenium.capstone.apiTesting" name="GetContact" time="1.025"/>
  <testcase classname="com.selenium.capstone.apiTesting" name="UpdateContact" time="0.947"/>
  <testcase classname="com.selenium.capstone.apiTesting" name="UpdateContact1" time="0.961"/>
  <testcase classname="com.selenium.capstone.apiTesting" name="LogoutUser" time="0.912"/>
</testsuite> <!-- Default test -->
